<?xml version="1.0" encoding="UTF-8"?>
<!-- Generated by org.testng.reporters.JUnitReportReporter -->
<testsuite hostname="JYOTHI" failures="0" tests="1" name="tests.Placing_an_order" time="28.182" errors="0" timestamp="2023-08-11T04:43:18 IST" skipped="0">
  <testcase classname="tests.Placing_an_order" name="test" time="28.182"/>
  <system-out/>
</testsuite> <!-- tests.Placing_an_order -->
